myapp_daemon: process with pid 3100 started.
script/mng_recv_daemon.rb:20:in `block (3 levels) in <main>': uninitialized constant JSON (NameError)
	from /home/alexalv/.rvm/gems/ruby-2.0.0-p0/gems/amqp-1.0.2/lib/amqp/consumer.rb:122:in `call'
	from /home/alexalv/.rvm/gems/ruby-2.0.0-p0/gems/amqp-1.0.2/lib/amqp/consumer.rb:122:in `block in on_delivery'
	from /home/alexalv/.rvm/gems/ruby-2.0.0-p0/gems/amq-client-1.0.2/lib/amq/client/async/callbacks.rb:41:in `call'
	from /home/alexalv/.rvm/gems/ruby-2.0.0-p0/gems/amq-client-1.0.2/lib/amq/client/async/callbacks.rb:41:in `block in exec_callback'
	from /home/alexalv/.rvm/gems/ruby-2.0.0-p0/gems/amq-client-1.0.2/lib/amq/client/async/callbacks.rb:41:in `each'
	from /home/alexalv/.rvm/gems/ruby-2.0.0-p0/gems/amq-client-1.0.2/lib/amq/client/async/callbacks.rb:41:in `exec_callback'
	from /home/alexalv/.rvm/gems/ruby-2.0.0-p0/gems/amq-client-1.0.2/lib/amq/client/async/consumer.rb:206:in `handle_delivery'
	from /home/alexalv/.rvm/gems/ruby-2.0.0-p0/gems/amq-client-1.0.2/lib/amq/client/async/consumer.rb:252:in `block in <class:Consumer>'
	from /home/alexalv/.rvm/gems/ruby-2.0.0-p0/gems/amq-client-1.0.2/lib/amq/client/async/adapter.rb:562:in `call'
	from /home/alexalv/.rvm/gems/ruby-2.0.0-p0/gems/amq-client-1.0.2/lib/amq/client/async/adapter.rb:562:in `receive_frameset'
	from /home/alexalv/.rvm/gems/ruby-2.0.0-p0/gems/amq-client-1.0.2/lib/amq/client/async/adapter.rb:536:in `receive_frame'
	from /home/alexalv/.rvm/gems/ruby-2.0.0-p0/gems/amq-client-1.0.2/lib/amq/client/async/adapters/event_machine.rb:321:in `receive_data'
	from /home/alexalv/.rvm/gems/ruby-2.0.0-p0/gems/eventmachine-1.0.3/lib/eventmachine.rb:187:in `run_machine'
	from /home/alexalv/.rvm/gems/ruby-2.0.0-p0/gems/eventmachine-1.0.3/lib/eventmachine.rb:187:in `run'
	from script/mng_recv_daemon.rb:12:in `block in <main>'
	from /home/alexalv/.rvm/gems/ruby-2.0.0-p0/gems/daemons-1.1.9/lib/daemons/application.rb:255:in `call'
	from /home/alexalv/.rvm/gems/ruby-2.0.0-p0/gems/daemons-1.1.9/lib/daemons/application.rb:255:in `block in start_proc'
	from /home/alexalv/.rvm/gems/ruby-2.0.0-p0/gems/daemons-1.1.9/lib/daemons/daemonize.rb:82:in `call'
	from /home/alexalv/.rvm/gems/ruby-2.0.0-p0/gems/daemons-1.1.9/lib/daemons/daemonize.rb:82:in `call_as_daemon'
	from /home/alexalv/.rvm/gems/ruby-2.0.0-p0/gems/daemons-1.1.9/lib/daemons/application.rb:259:in `start_proc'
	from /home/alexalv/.rvm/gems/ruby-2.0.0-p0/gems/daemons-1.1.9/lib/daemons/application.rb:296:in `start'
	from /home/alexalv/.rvm/gems/ruby-2.0.0-p0/gems/daemons-1.1.9/lib/daemons/controller.rb:70:in `run'
	from /home/alexalv/.rvm/gems/ruby-2.0.0-p0/gems/daemons-1.1.9/lib/daemons.rb:197:in `block in run_proc'
	from /home/alexalv/.rvm/gems/ruby-2.0.0-p0/gems/daemons-1.1.9/lib/daemons/cmdline.rb:109:in `call'
	from /home/alexalv/.rvm/gems/ruby-2.0.0-p0/gems/daemons-1.1.9/lib/daemons/cmdline.rb:109:in `catch_exceptions'
	from /home/alexalv/.rvm/gems/ruby-2.0.0-p0/gems/daemons-1.1.9/lib/daemons.rb:196:in `run_proc'
	from script/mng_recv_daemon.rb:11:in `<main>'
myapp_daemon: process with pid 3295 started.
script/mng_recv_daemon.rb:20:in `block (3 levels) in <main>': uninitialized constant JSON (NameError)
	from /home/alexalv/.rvm/gems/ruby-2.0.0-p0/gems/amqp-1.0.2/lib/amqp/consumer.rb:122:in `call'
	from /home/alexalv/.rvm/gems/ruby-2.0.0-p0/gems/amqp-1.0.2/lib/amqp/consumer.rb:122:in `block in on_delivery'
	from /home/alexalv/.rvm/gems/ruby-2.0.0-p0/gems/amq-client-1.0.2/lib/amq/client/async/callbacks.rb:41:in `call'
	from /home/alexalv/.rvm/gems/ruby-2.0.0-p0/gems/amq-client-1.0.2/lib/amq/client/async/callbacks.rb:41:in `block in exec_callback'
	from /home/alexalv/.rvm/gems/ruby-2.0.0-p0/gems/amq-client-1.0.2/lib/amq/client/async/callbacks.rb:41:in `each'
	from /home/alexalv/.rvm/gems/ruby-2.0.0-p0/gems/amq-client-1.0.2/lib/amq/client/async/callbacks.rb:41:in `exec_callback'
	from /home/alexalv/.rvm/gems/ruby-2.0.0-p0/gems/amq-client-1.0.2/lib/amq/client/async/consumer.rb:206:in `handle_delivery'
	from /home/alexalv/.rvm/gems/ruby-2.0.0-p0/gems/amq-client-1.0.2/lib/amq/client/async/consumer.rb:252:in `block in <class:Consumer>'
	from /home/alexalv/.rvm/gems/ruby-2.0.0-p0/gems/amq-client-1.0.2/lib/amq/client/async/adapter.rb:562:in `call'
	from /home/alexalv/.rvm/gems/ruby-2.0.0-p0/gems/amq-client-1.0.2/lib/amq/client/async/adapter.rb:562:in `receive_frameset'
	from /home/alexalv/.rvm/gems/ruby-2.0.0-p0/gems/amq-client-1.0.2/lib/amq/client/async/adapter.rb:536:in `receive_frame'
	from /home/alexalv/.rvm/gems/ruby-2.0.0-p0/gems/amq-client-1.0.2/lib/amq/client/async/adapters/event_machine.rb:321:in `receive_data'
	from /home/alexalv/.rvm/gems/ruby-2.0.0-p0/gems/eventmachine-1.0.3/lib/eventmachine.rb:187:in `run_machine'
	from /home/alexalv/.rvm/gems/ruby-2.0.0-p0/gems/eventmachine-1.0.3/lib/eventmachine.rb:187:in `run'
	from script/mng_recv_daemon.rb:12:in `block in <main>'
	from /home/alexalv/.rvm/gems/ruby-2.0.0-p0/gems/daemons-1.1.9/lib/daemons/application.rb:255:in `call'
	from /home/alexalv/.rvm/gems/ruby-2.0.0-p0/gems/daemons-1.1.9/lib/daemons/application.rb:255:in `block in start_proc'
	from /home/alexalv/.rvm/gems/ruby-2.0.0-p0/gems/daemons-1.1.9/lib/daemons/daemonize.rb:82:in `call'
	from /home/alexalv/.rvm/gems/ruby-2.0.0-p0/gems/daemons-1.1.9/lib/daemons/daemonize.rb:82:in `call_as_daemon'
	from /home/alexalv/.rvm/gems/ruby-2.0.0-p0/gems/daemons-1.1.9/lib/daemons/application.rb:259:in `start_proc'
	from /home/alexalv/.rvm/gems/ruby-2.0.0-p0/gems/daemons-1.1.9/lib/daemons/application.rb:296:in `start'
	from /home/alexalv/.rvm/gems/ruby-2.0.0-p0/gems/daemons-1.1.9/lib/daemons/controller.rb:70:in `run'
	from /home/alexalv/.rvm/gems/ruby-2.0.0-p0/gems/daemons-1.1.9/lib/daemons.rb:197:in `block in run_proc'
	from /home/alexalv/.rvm/gems/ruby-2.0.0-p0/gems/daemons-1.1.9/lib/daemons/cmdline.rb:109:in `call'
	from /home/alexalv/.rvm/gems/ruby-2.0.0-p0/gems/daemons-1.1.9/lib/daemons/cmdline.rb:109:in `catch_exceptions'
	from /home/alexalv/.rvm/gems/ruby-2.0.0-p0/gems/daemons-1.1.9/lib/daemons.rb:196:in `run_proc'
	from script/mng_recv_daemon.rb:11:in `<main>'
